18-Oct-2019 08:59:16.480 信息 [main] org.apache.catalina.startup.VersionLoggerListener.log Server.服务器版本:     Apache Tomcat/8.5.47
18-Oct-2019 08:59:16.484 信息 [main] org.apache.catalina.startup.VersionLoggerListener.log 服务器构建:            Oct 7 2019 13:30:46 UTC
18-Oct-2019 08:59:16.484 信息 [main] org.apache.catalina.startup.VersionLoggerListener.log Server version number: 8.5.47.0
18-Oct-2019 08:59:16.485 信息 [main] org.apache.catalina.startup.VersionLoggerListener.log OS Name:               Windows 10
18-Oct-2019 08:59:16.485 信息 [main] org.apache.catalina.startup.VersionLoggerListener.log OS.版本:               10.0
18-Oct-2019 08:59:16.485 信息 [main] org.apache.catalina.startup.VersionLoggerListener.log 架构:                  amd64
18-Oct-2019 08:59:16.485 信息 [main] org.apache.catalina.startup.VersionLoggerListener.log Java 环境变量:         C:\Program Files\Java\jdk-11.0.2
18-Oct-2019 08:59:16.486 信息 [main] org.apache.catalina.startup.VersionLoggerListener.log JVM 版本:              11.0.2+9-LTS
18-Oct-2019 08:59:16.486 信息 [main] org.apache.catalina.startup.VersionLoggerListener.log JVM.供应商:            Oracle Corporation
18-Oct-2019 08:59:16.486 信息 [main] org.apache.catalina.startup.VersionLoggerListener.log CATALINA_BASE:         E:\搜狗高速下载\apache-tomcat-8.5.47
18-Oct-2019 08:59:16.487 信息 [main] org.apache.catalina.startup.VersionLoggerListener.log CATALINA_HOME:         E:\搜狗高速下载\apache-tomcat-8.5.47
18-Oct-2019 08:59:16.487 信息 [main] org.apache.catalina.startup.VersionLoggerListener.log Command line argument: --add-opens=java.base/java.lang=ALL-UNNAMED
18-Oct-2019 08:59:16.487 信息 [main] org.apache.catalina.startup.VersionLoggerListener.log Command line argument: --add-opens=java.base/java.io=ALL-UNNAMED
18-Oct-2019 08:59:16.487 信息 [main] org.apache.catalina.startup.VersionLoggerListener.log Command line argument: --add-opens=java.rmi/sun.rmi.transport=ALL-UNNAMED
18-Oct-2019 08:59:16.488 信息 [main] org.apache.catalina.startup.VersionLoggerListener.log Command line argument: -Djava.util.logging.config.file=E:\搜狗高速下载\apache-tomcat-8.5.47\conf\logging.properties
18-Oct-2019 08:59:16.489 信息 [main] org.apache.catalina.startup.VersionLoggerListener.log Command line argument: -Djava.util.logging.manager=org.apache.juli.ClassLoaderLogManager
18-Oct-2019 08:59:16.489 信息 [main] org.apache.catalina.startup.VersionLoggerListener.log Command line argument: -Djdk.tls.ephemeralDHKeySize=2048
18-Oct-2019 08:59:16.490 信息 [main] org.apache.catalina.startup.VersionLoggerListener.log Command line argument: -Djava.protocol.handler.pkgs=org.apache.catalina.webresources
18-Oct-2019 08:59:16.490 信息 [main] org.apache.catalina.startup.VersionLoggerListener.log Command line argument: -Dignore.endorsed.dirs=
18-Oct-2019 08:59:16.491 信息 [main] org.apache.catalina.startup.VersionLoggerListener.log Command line argument: -Dcatalina.base=E:\搜狗高速下载\apache-tomcat-8.5.47
18-Oct-2019 08:59:16.491 信息 [main] org.apache.catalina.startup.VersionLoggerListener.log Command line argument: -Dcatalina.home=E:\搜狗高速下载\apache-tomcat-8.5.47
18-Oct-2019 08:59:16.492 信息 [main] org.apache.catalina.startup.VersionLoggerListener.log Command line argument: -Djava.io.tmpdir=E:\搜狗高速下载\apache-tomcat-8.5.47\temp
18-Oct-2019 08:59:16.492 信息 [main] org.apache.catalina.core.AprLifecycleListener.lifecycleEvent Loaded APR based Apache Tomcat Native library [1.2.23] using APR version [1.7.0].
18-Oct-2019 08:59:16.493 信息 [main] org.apache.catalina.core.AprLifecycleListener.lifecycleEvent APR capabilities: IPv6 [true], sendfile [true], accept filters [false], random [true].
18-Oct-2019 08:59:16.495 信息 [main] org.apache.catalina.core.AprLifecycleListener.lifecycleEvent APR/OpenSSL configuration: useAprConnector [false], useOpenSSL [true]
18-Oct-2019 08:59:16.500 信息 [main] org.apache.catalina.core.AprLifecycleListener.initializeSSL OpenSSL successfully initialized [OpenSSL 1.1.1c  28 May 2019]
18-Oct-2019 08:59:16.541 信息 [main] org.apache.coyote.AbstractProtocol.init 初始化协议处理器 ["http-nio-8080"]
18-Oct-2019 08:59:16.656 信息 [main] org.apache.tomcat.util.net.NioSelectorPool.getSharedSelector Using a shared selector for servlet write/read
18-Oct-2019 08:59:16.667 信息 [main] org.apache.coyote.AbstractProtocol.init 初始化协议处理器 ["ajp-nio-8009"]
18-Oct-2019 08:59:16.671 信息 [main] org.apache.tomcat.util.net.NioSelectorPool.getSharedSelector Using a shared selector for servlet write/read
18-Oct-2019 08:59:16.672 信息 [main] org.apache.catalina.startup.Catalina.load Initialization processed in 565 ms
18-Oct-2019 08:59:16.720 信息 [main] org.apache.catalina.core.StandardService.startInternal Starting service [Catalina]
18-Oct-2019 08:59:16.721 信息 [main] org.apache.catalina.core.StandardEngine.startInternal Starting Servlet Engine: Apache Tomcat/8.5.47
18-Oct-2019 08:59:16.732 信息 [localhost-startStop-1] org.apache.catalina.startup.HostConfig.deployDirectory 把web 应用程序部署到目录 [E:\搜狗高速下载\apache-tomcat-8.5.47\webapps\docs]
18-Oct-2019 08:59:17.030 信息 [localhost-startStop-1] org.apache.catalina.startup.HostConfig.deployDirectory Deployment of web application directory [E:\搜狗高速下载\apache-tomcat-8.5.47\webapps\docs] has finished in [296] ms
18-Oct-2019 08:59:17.030 信息 [localhost-startStop-1] org.apache.catalina.startup.HostConfig.deployDirectory 把web 应用程序部署到目录 [E:\搜狗高速下载\apache-tomcat-8.5.47\webapps\examples]
18-Oct-2019 08:59:17.308 信息 [localhost-startStop-1] org.apache.catalina.startup.HostConfig.deployDirectory Deployment of web application directory [E:\搜狗高速下载\apache-tomcat-8.5.47\webapps\examples] has finished in [278] ms
18-Oct-2019 08:59:17.309 信息 [localhost-startStop-1] org.apache.catalina.startup.HostConfig.deployDirectory 把web 应用程序部署到目录 [E:\搜狗高速下载\apache-tomcat-8.5.47\webapps\host-manager]
18-Oct-2019 08:59:17.338 信息 [localhost-startStop-1] org.apache.catalina.startup.HostConfig.deployDirectory Deployment of web application directory [E:\搜狗高速下载\apache-tomcat-8.5.47\webapps\host-manager] has finished in [28] ms
18-Oct-2019 08:59:17.338 信息 [localhost-startStop-1] org.apache.catalina.startup.HostConfig.deployDirectory 把web 应用程序部署到目录 [E:\搜狗高速下载\apache-tomcat-8.5.47\webapps\manager]
18-Oct-2019 08:59:17.366 信息 [localhost-startStop-1] org.apache.catalina.startup.HostConfig.deployDirectory Deployment of web application directory [E:\搜狗高速下载\apache-tomcat-8.5.47\webapps\manager] has finished in [28] ms
18-Oct-2019 08:59:17.367 信息 [localhost-startStop-1] org.apache.catalina.startup.HostConfig.deployDirectory 把web 应用程序部署到目录 [E:\搜狗高速下载\apache-tomcat-8.5.47\webapps\ROOT]
18-Oct-2019 08:59:17.386 信息 [localhost-startStop-1] org.apache.catalina.startup.HostConfig.deployDirectory Deployment of web application directory [E:\搜狗高速下载\apache-tomcat-8.5.47\webapps\ROOT] has finished in [18] ms
18-Oct-2019 08:59:17.392 信息 [main] org.apache.coyote.AbstractProtocol.start 开始协议处理句柄["http-nio-8080"]
18-Oct-2019 08:59:17.406 信息 [main] org.apache.coyote.AbstractProtocol.start 开始协议处理句柄["ajp-nio-8009"]
18-Oct-2019 08:59:17.410 信息 [main] org.apache.catalina.startup.Catalina.start Server startup in 738 ms
18-Oct-2019 09:06:13.061 信息 [main] org.apache.catalina.startup.VersionLoggerListener.log Server.服务器版本:     Apache Tomcat/8.5.47
18-Oct-2019 09:06:13.067 信息 [main] org.apache.catalina.startup.VersionLoggerListener.log 服务器构建:            Oct 7 2019 13:30:46 UTC
18-Oct-2019 09:06:13.067 信息 [main] org.apache.catalina.startup.VersionLoggerListener.log Server version number: 8.5.47.0
18-Oct-2019 09:06:13.067 信息 [main] org.apache.catalina.startup.VersionLoggerListener.log OS Name:               Windows 10
18-Oct-2019 09:06:13.068 信息 [main] org.apache.catalina.startup.VersionLoggerListener.log OS.版本:               10.0
18-Oct-2019 09:06:13.068 信息 [main] org.apache.catalina.startup.VersionLoggerListener.log 架构:                  amd64
18-Oct-2019 09:06:13.068 信息 [main] org.apache.catalina.startup.VersionLoggerListener.log Java 环境变量:         C:\Program Files\Java\jdk-11.0.2
18-Oct-2019 09:06:13.068 信息 [main] org.apache.catalina.startup.VersionLoggerListener.log JVM 版本:              11.0.2+9-LTS
18-Oct-2019 09:06:13.069 信息 [main] org.apache.catalina.startup.VersionLoggerListener.log JVM.供应商:            Oracle Corporation
18-Oct-2019 09:06:13.069 信息 [main] org.apache.catalina.startup.VersionLoggerListener.log CATALINA_BASE:         C:\Program Files\apache-tomcat\apache-tomcat-8.5.47
18-Oct-2019 09:06:13.069 信息 [main] org.apache.catalina.startup.VersionLoggerListener.log CATALINA_HOME:         C:\Program Files\apache-tomcat\apache-tomcat-8.5.47
18-Oct-2019 09:06:13.069 信息 [main] org.apache.catalina.startup.VersionLoggerListener.log Command line argument: --add-opens=java.base/java.lang=ALL-UNNAMED
18-Oct-2019 09:06:13.070 信息 [main] org.apache.catalina.startup.VersionLoggerListener.log Command line argument: --add-opens=java.base/java.io=ALL-UNNAMED
18-Oct-2019 09:06:13.070 信息 [main] org.apache.catalina.startup.VersionLoggerListener.log Command line argument: --add-opens=java.rmi/sun.rmi.transport=ALL-UNNAMED
18-Oct-2019 09:06:13.070 信息 [main] org.apache.catalina.startup.VersionLoggerListener.log Command line argument: -Djava.util.logging.config.file=C:\Program Files\apache-tomcat\apache-tomcat-8.5.47\conf\logging.properties
18-Oct-2019 09:06:13.071 信息 [main] org.apache.catalina.startup.VersionLoggerListener.log Command line argument: -Djava.util.logging.manager=org.apache.juli.ClassLoaderLogManager
18-Oct-2019 09:06:13.071 信息 [main] org.apache.catalina.startup.VersionLoggerListener.log Command line argument: -Djdk.tls.ephemeralDHKeySize=2048
18-Oct-2019 09:06:13.072 信息 [main] org.apache.catalina.startup.VersionLoggerListener.log Command line argument: -Djava.protocol.handler.pkgs=org.apache.catalina.webresources
18-Oct-2019 09:06:13.072 信息 [main] org.apache.catalina.startup.VersionLoggerListener.log Command line argument: -Dignore.endorsed.dirs=
18-Oct-2019 09:06:13.072 信息 [main] org.apache.catalina.startup.VersionLoggerListener.log Command line argument: -Dcatalina.base=C:\Program Files\apache-tomcat\apache-tomcat-8.5.47
18-Oct-2019 09:06:13.072 信息 [main] org.apache.catalina.startup.VersionLoggerListener.log Command line argument: -Dcatalina.home=C:\Program Files\apache-tomcat\apache-tomcat-8.5.47
18-Oct-2019 09:06:13.073 信息 [main] org.apache.catalina.startup.VersionLoggerListener.log Command line argument: -Djava.io.tmpdir=C:\Program Files\apache-tomcat\apache-tomcat-8.5.47\temp
18-Oct-2019 09:06:13.073 信息 [main] org.apache.catalina.core.AprLifecycleListener.lifecycleEvent Loaded APR based Apache Tomcat Native library [1.2.23] using APR version [1.7.0].
18-Oct-2019 09:06:13.074 信息 [main] org.apache.catalina.core.AprLifecycleListener.lifecycleEvent APR capabilities: IPv6 [true], sendfile [true], accept filters [false], random [true].
18-Oct-2019 09:06:13.074 信息 [main] org.apache.catalina.core.AprLifecycleListener.lifecycleEvent APR/OpenSSL configuration: useAprConnector [false], useOpenSSL [true]
18-Oct-2019 09:06:13.078 信息 [main] org.apache.catalina.core.AprLifecycleListener.initializeSSL OpenSSL successfully initialized [OpenSSL 1.1.1c  28 May 2019]
18-Oct-2019 09:06:13.122 信息 [main] org.apache.coyote.AbstractProtocol.init 初始化协议处理器 ["http-nio-8080"]
18-Oct-2019 09:06:13.233 信息 [main] org.apache.tomcat.util.net.NioSelectorPool.getSharedSelector Using a shared selector for servlet write/read
18-Oct-2019 09:06:13.243 信息 [main] org.apache.coyote.AbstractProtocol.init 初始化协议处理器 ["ajp-nio-8009"]
18-Oct-2019 09:06:13.247 信息 [main] org.apache.tomcat.util.net.NioSelectorPool.getSharedSelector Using a shared selector for servlet write/read
18-Oct-2019 09:06:13.247 信息 [main] org.apache.catalina.startup.Catalina.load Initialization processed in 553 ms
18-Oct-2019 09:06:13.298 信息 [main] org.apache.catalina.core.StandardService.startInternal Starting service [Catalina]
18-Oct-2019 09:06:13.299 信息 [main] org.apache.catalina.core.StandardEngine.startInternal Starting Servlet Engine: Apache Tomcat/8.5.47
18-Oct-2019 09:06:13.311 信息 [localhost-startStop-1] org.apache.catalina.startup.HostConfig.deployDirectory 把web 应用程序部署到目录 [C:\Program Files\apache-tomcat\apache-tomcat-8.5.47\webapps\docs]
18-Oct-2019 09:06:13.623 信息 [localhost-startStop-1] org.apache.catalina.startup.HostConfig.deployDirectory Deployment of web application directory [C:\Program Files\apache-tomcat\apache-tomcat-8.5.47\webapps\docs] has finished in [310] ms
18-Oct-2019 09:06:13.624 信息 [localhost-startStop-1] org.apache.catalina.startup.HostConfig.deployDirectory 把web 应用程序部署到目录 [C:\Program Files\apache-tomcat\apache-tomcat-8.5.47\webapps\examples]
18-Oct-2019 09:06:14.164 信息 [localhost-startStop-1] org.apache.catalina.startup.HostConfig.deployDirectory Deployment of web application directory [C:\Program Files\apache-tomcat\apache-tomcat-8.5.47\webapps\examples] has finished in [541] ms
18-Oct-2019 09:06:14.164 信息 [localhost-startStop-1] org.apache.catalina.startup.HostConfig.deployDirectory 把web 应用程序部署到目录 [C:\Program Files\apache-tomcat\apache-tomcat-8.5.47\webapps\host-manager]
18-Oct-2019 09:06:14.200 信息 [localhost-startStop-1] org.apache.catalina.startup.HostConfig.deployDirectory Deployment of web application directory [C:\Program Files\apache-tomcat\apache-tomcat-8.5.47\webapps\host-manager] has finished in [36] ms
18-Oct-2019 09:06:14.201 信息 [localhost-startStop-1] org.apache.catalina.startup.HostConfig.deployDirectory 把web 应用程序部署到目录 [C:\Program Files\apache-tomcat\apache-tomcat-8.5.47\webapps\manager]
18-Oct-2019 09:06:14.238 信息 [localhost-startStop-1] org.apache.catalina.startup.HostConfig.deployDirectory Deployment of web application directory [C:\Program Files\apache-tomcat\apache-tomcat-8.5.47\webapps\manager] has finished in [38] ms
18-Oct-2019 09:06:14.238 信息 [localhost-startStop-1] org.apache.catalina.startup.HostConfig.deployDirectory 把web 应用程序部署到目录 [C:\Program Files\apache-tomcat\apache-tomcat-8.5.47\webapps\ROOT]
18-Oct-2019 09:06:14.266 信息 [localhost-startStop-1] org.apache.catalina.startup.HostConfig.deployDirectory Deployment of web application directory [C:\Program Files\apache-tomcat\apache-tomcat-8.5.47\webapps\ROOT] has finished in [28] ms
18-Oct-2019 09:06:14.270 信息 [main] org.apache.coyote.AbstractProtocol.start 开始协议处理句柄["http-nio-8080"]
18-Oct-2019 09:06:14.284 信息 [main] org.apache.coyote.AbstractProtocol.start 开始协议处理句柄["ajp-nio-8009"]
18-Oct-2019 09:06:14.289 信息 [main] org.apache.catalina.startup.Catalina.start Server startup in 1041 ms
