19-Oct-2019 21:43:44.468 信息 [main] org.apache.catalina.startup.VersionLoggerListener.log Server.服务器版本:     Apache Tomcat/8.5.47
19-Oct-2019 21:43:44.475 信息 [main] org.apache.catalina.startup.VersionLoggerListener.log 服务器构建:            Oct 7 2019 13:30:46 UTC
19-Oct-2019 21:43:44.476 信息 [main] org.apache.catalina.startup.VersionLoggerListener.log Server version number: 8.5.47.0
19-Oct-2019 21:43:44.476 信息 [main] org.apache.catalina.startup.VersionLoggerListener.log OS Name:               Windows 10
19-Oct-2019 21:43:44.477 信息 [main] org.apache.catalina.startup.VersionLoggerListener.log OS.版本:               10.0
19-Oct-2019 21:43:44.477 信息 [main] org.apache.catalina.startup.VersionLoggerListener.log 架构:                  amd64
19-Oct-2019 21:43:44.478 信息 [main] org.apache.catalina.startup.VersionLoggerListener.log Java 环境变量:         C:\Program Files\Java\jdk-11.0.2
19-Oct-2019 21:43:44.480 信息 [main] org.apache.catalina.startup.VersionLoggerListener.log JVM 版本:              11.0.2+9-LTS
19-Oct-2019 21:43:44.480 信息 [main] org.apache.catalina.startup.VersionLoggerListener.log JVM.供应商:            Oracle Corporation
19-Oct-2019 21:43:44.480 信息 [main] org.apache.catalina.startup.VersionLoggerListener.log CATALINA_BASE:         G:\JAVASpace\apache-tomcat\apache-tomcat-8.5.47
19-Oct-2019 21:43:44.480 信息 [main] org.apache.catalina.startup.VersionLoggerListener.log CATALINA_HOME:         G:\JAVASpace\apache-tomcat\apache-tomcat-8.5.47
19-Oct-2019 21:43:44.481 信息 [main] org.apache.catalina.startup.VersionLoggerListener.log Command line argument: --add-opens=java.base/java.lang=ALL-UNNAMED
19-Oct-2019 21:43:44.481 信息 [main] org.apache.catalina.startup.VersionLoggerListener.log Command line argument: --add-opens=java.base/java.io=ALL-UNNAMED
19-Oct-2019 21:43:44.482 信息 [main] org.apache.catalina.startup.VersionLoggerListener.log Command line argument: --add-opens=java.rmi/sun.rmi.transport=ALL-UNNAMED
19-Oct-2019 21:43:44.483 信息 [main] org.apache.catalina.startup.VersionLoggerListener.log Command line argument: -Djava.util.logging.config.file=G:\JAVASpace\apache-tomcat\apache-tomcat-8.5.47\conf\logging.properties
19-Oct-2019 21:43:44.484 信息 [main] org.apache.catalina.startup.VersionLoggerListener.log Command line argument: -Djava.util.logging.manager=org.apache.juli.ClassLoaderLogManager
19-Oct-2019 21:43:44.488 信息 [main] org.apache.catalina.startup.VersionLoggerListener.log Command line argument: -Djdk.tls.ephemeralDHKeySize=2048
19-Oct-2019 21:43:44.490 信息 [main] org.apache.catalina.startup.VersionLoggerListener.log Command line argument: -Djava.protocol.handler.pkgs=org.apache.catalina.webresources
19-Oct-2019 21:43:44.495 信息 [main] org.apache.catalina.startup.VersionLoggerListener.log Command line argument: -Dignore.endorsed.dirs=
19-Oct-2019 21:43:44.496 信息 [main] org.apache.catalina.startup.VersionLoggerListener.log Command line argument: -Dcatalina.base=G:\JAVASpace\apache-tomcat\apache-tomcat-8.5.47
19-Oct-2019 21:43:44.496 信息 [main] org.apache.catalina.startup.VersionLoggerListener.log Command line argument: -Dcatalina.home=G:\JAVASpace\apache-tomcat\apache-tomcat-8.5.47
19-Oct-2019 21:43:44.497 信息 [main] org.apache.catalina.startup.VersionLoggerListener.log Command line argument: -Djava.io.tmpdir=G:\JAVASpace\apache-tomcat\apache-tomcat-8.5.47\temp
19-Oct-2019 21:43:44.502 信息 [main] org.apache.catalina.core.AprLifecycleListener.lifecycleEvent Loaded APR based Apache Tomcat Native library [1.2.23] using APR version [1.7.0].
19-Oct-2019 21:43:44.503 信息 [main] org.apache.catalina.core.AprLifecycleListener.lifecycleEvent APR capabilities: IPv6 [true], sendfile [true], accept filters [false], random [true].
19-Oct-2019 21:43:44.503 信息 [main] org.apache.catalina.core.AprLifecycleListener.lifecycleEvent APR/OpenSSL configuration: useAprConnector [false], useOpenSSL [true]
19-Oct-2019 21:43:44.510 信息 [main] org.apache.catalina.core.AprLifecycleListener.initializeSSL OpenSSL successfully initialized [OpenSSL 1.1.1c  28 May 2019]
19-Oct-2019 21:43:44.557 信息 [main] org.apache.coyote.AbstractProtocol.init 初始化协议处理器 ["http-nio-8080"]
19-Oct-2019 21:43:44.692 信息 [main] org.apache.tomcat.util.net.NioSelectorPool.getSharedSelector Using a shared selector for servlet write/read
19-Oct-2019 21:43:44.704 信息 [main] org.apache.coyote.AbstractProtocol.init 初始化协议处理器 ["ajp-nio-8009"]
19-Oct-2019 21:43:44.709 信息 [main] org.apache.tomcat.util.net.NioSelectorPool.getSharedSelector Using a shared selector for servlet write/read
19-Oct-2019 21:43:44.710 信息 [main] org.apache.catalina.startup.Catalina.load Initialization processed in 732 ms
19-Oct-2019 21:43:44.769 信息 [main] org.apache.catalina.core.StandardService.startInternal Starting service [Catalina]
19-Oct-2019 21:43:44.769 信息 [main] org.apache.catalina.core.StandardEngine.startInternal Starting Servlet Engine: Apache Tomcat/8.5.47
19-Oct-2019 21:43:44.785 信息 [localhost-startStop-1] org.apache.catalina.startup.HostConfig.deployDirectory 把web 应用程序部署到目录 [G:\JAVASpace\apache-tomcat\apache-tomcat-8.5.47\webapps\docs]
19-Oct-2019 21:43:45.144 信息 [localhost-startStop-1] org.apache.catalina.startup.HostConfig.deployDirectory Deployment of web application directory [G:\JAVASpace\apache-tomcat\apache-tomcat-8.5.47\webapps\docs] has finished in [357] ms
19-Oct-2019 21:43:45.145 信息 [localhost-startStop-1] org.apache.catalina.startup.HostConfig.deployDirectory 把web 应用程序部署到目录 [G:\JAVASpace\apache-tomcat\apache-tomcat-8.5.47\webapps\examples]
19-Oct-2019 21:43:45.577 信息 [localhost-startStop-1] org.apache.catalina.startup.HostConfig.deployDirectory Deployment of web application directory [G:\JAVASpace\apache-tomcat\apache-tomcat-8.5.47\webapps\examples] has finished in [432] ms
19-Oct-2019 21:43:45.578 信息 [localhost-startStop-1] org.apache.catalina.startup.HostConfig.deployDirectory 把web 应用程序部署到目录 [G:\JAVASpace\apache-tomcat\apache-tomcat-8.5.47\webapps\host-manager]
19-Oct-2019 21:43:45.608 信息 [localhost-startStop-1] org.apache.catalina.startup.HostConfig.deployDirectory Deployment of web application directory [G:\JAVASpace\apache-tomcat\apache-tomcat-8.5.47\webapps\host-manager] has finished in [30] ms
19-Oct-2019 21:43:45.608 信息 [localhost-startStop-1] org.apache.catalina.startup.HostConfig.deployDirectory 把web 应用程序部署到目录 [G:\JAVASpace\apache-tomcat\apache-tomcat-8.5.47\webapps\manager]
19-Oct-2019 21:43:45.637 信息 [localhost-startStop-1] org.apache.catalina.startup.HostConfig.deployDirectory Deployment of web application directory [G:\JAVASpace\apache-tomcat\apache-tomcat-8.5.47\webapps\manager] has finished in [29] ms
19-Oct-2019 21:43:45.637 信息 [localhost-startStop-1] org.apache.catalina.startup.HostConfig.deployDirectory 把web 应用程序部署到目录 [G:\JAVASpace\apache-tomcat\apache-tomcat-8.5.47\webapps\project]
19-Oct-2019 21:43:45.675 信息 [localhost-startStop-1] org.apache.catalina.startup.HostConfig.deployDirectory Deployment of web application directory [G:\JAVASpace\apache-tomcat\apache-tomcat-8.5.47\webapps\project] has finished in [38] ms
19-Oct-2019 21:43:45.676 信息 [localhost-startStop-1] org.apache.catalina.startup.HostConfig.deployDirectory 把web 应用程序部署到目录 [G:\JAVASpace\apache-tomcat\apache-tomcat-8.5.47\webapps\ROOT]
19-Oct-2019 21:43:45.704 信息 [localhost-startStop-1] org.apache.catalina.startup.HostConfig.deployDirectory Deployment of web application directory [G:\JAVASpace\apache-tomcat\apache-tomcat-8.5.47\webapps\ROOT] has finished in [28] ms
19-Oct-2019 21:43:45.709 信息 [main] org.apache.coyote.AbstractProtocol.start 开始协议处理句柄["http-nio-8080"]
19-Oct-2019 21:43:45.723 信息 [main] org.apache.coyote.AbstractProtocol.start 开始协议处理句柄["ajp-nio-8009"]
19-Oct-2019 21:43:45.730 信息 [main] org.apache.catalina.startup.Catalina.start Server startup in 1017 ms
19-Oct-2019 22:11:19.725 严重 [main] org.apache.catalina.startup.Catalina.stopServer Could not contact [localhost:8005]. Tomcat may not be running.
19-Oct-2019 22:11:22.180 信息 [main] org.apache.catalina.startup.VersionLoggerListener.log Server.服务器版本:     Apache Tomcat/8.5.47
19-Oct-2019 22:11:22.187 信息 [main] org.apache.catalina.startup.VersionLoggerListener.log 服务器构建:            Oct 7 2019 13:30:46 UTC
19-Oct-2019 22:11:22.187 信息 [main] org.apache.catalina.startup.VersionLoggerListener.log Server version number: 8.5.47.0
19-Oct-2019 22:11:22.188 信息 [main] org.apache.catalina.startup.VersionLoggerListener.log OS Name:               Windows 10
19-Oct-2019 22:11:22.188 信息 [main] org.apache.catalina.startup.VersionLoggerListener.log OS.版本:               10.0
19-Oct-2019 22:11:22.188 信息 [main] org.apache.catalina.startup.VersionLoggerListener.log 架构:                  amd64
19-Oct-2019 22:11:22.189 信息 [main] org.apache.catalina.startup.VersionLoggerListener.log Java 环境变量:         C:\Program Files\Java\jdk-11.0.2
19-Oct-2019 22:11:22.190 信息 [main] org.apache.catalina.startup.VersionLoggerListener.log JVM 版本:              11.0.2+9-LTS
19-Oct-2019 22:11:22.191 信息 [main] org.apache.catalina.startup.VersionLoggerListener.log JVM.供应商:            Oracle Corporation
19-Oct-2019 22:11:22.191 信息 [main] org.apache.catalina.startup.VersionLoggerListener.log CATALINA_BASE:         G:\JAVASpace\apache-tomcat\apache-tomcat-8.5.47
19-Oct-2019 22:11:22.191 信息 [main] org.apache.catalina.startup.VersionLoggerListener.log CATALINA_HOME:         G:\JAVASpace\apache-tomcat\apache-tomcat-8.5.47
19-Oct-2019 22:11:22.192 信息 [main] org.apache.catalina.startup.VersionLoggerListener.log Command line argument: --add-opens=java.base/java.lang=ALL-UNNAMED
19-Oct-2019 22:11:22.192 信息 [main] org.apache.catalina.startup.VersionLoggerListener.log Command line argument: --add-opens=java.base/java.io=ALL-UNNAMED
19-Oct-2019 22:11:22.192 信息 [main] org.apache.catalina.startup.VersionLoggerListener.log Command line argument: --add-opens=java.rmi/sun.rmi.transport=ALL-UNNAMED
19-Oct-2019 22:11:22.193 信息 [main] org.apache.catalina.startup.VersionLoggerListener.log Command line argument: -Djava.util.logging.config.file=G:\JAVASpace\apache-tomcat\apache-tomcat-8.5.47\conf\logging.properties
19-Oct-2019 22:11:22.193 信息 [main] org.apache.catalina.startup.VersionLoggerListener.log Command line argument: -Djava.util.logging.manager=org.apache.juli.ClassLoaderLogManager
19-Oct-2019 22:11:22.195 信息 [main] org.apache.catalina.startup.VersionLoggerListener.log Command line argument: -Djdk.tls.ephemeralDHKeySize=2048
19-Oct-2019 22:11:22.195 信息 [main] org.apache.catalina.startup.VersionLoggerListener.log Command line argument: -Djava.protocol.handler.pkgs=org.apache.catalina.webresources
19-Oct-2019 22:11:22.196 信息 [main] org.apache.catalina.startup.VersionLoggerListener.log Command line argument: -Dignore.endorsed.dirs=
19-Oct-2019 22:11:22.200 信息 [main] org.apache.catalina.startup.VersionLoggerListener.log Command line argument: -Dcatalina.base=G:\JAVASpace\apache-tomcat\apache-tomcat-8.5.47
19-Oct-2019 22:11:22.200 信息 [main] org.apache.catalina.startup.VersionLoggerListener.log Command line argument: -Dcatalina.home=G:\JAVASpace\apache-tomcat\apache-tomcat-8.5.47
19-Oct-2019 22:11:22.201 信息 [main] org.apache.catalina.startup.VersionLoggerListener.log Command line argument: -Djava.io.tmpdir=G:\JAVASpace\apache-tomcat\apache-tomcat-8.5.47\temp
19-Oct-2019 22:11:22.201 信息 [main] org.apache.catalina.core.AprLifecycleListener.lifecycleEvent Loaded APR based Apache Tomcat Native library [1.2.23] using APR version [1.7.0].
19-Oct-2019 22:11:22.202 信息 [main] org.apache.catalina.core.AprLifecycleListener.lifecycleEvent APR capabilities: IPv6 [true], sendfile [true], accept filters [false], random [true].
19-Oct-2019 22:11:22.202 信息 [main] org.apache.catalina.core.AprLifecycleListener.lifecycleEvent APR/OpenSSL configuration: useAprConnector [false], useOpenSSL [true]
19-Oct-2019 22:11:22.207 信息 [main] org.apache.catalina.core.AprLifecycleListener.initializeSSL OpenSSL successfully initialized [OpenSSL 1.1.1c  28 May 2019]
19-Oct-2019 22:11:22.254 信息 [main] org.apache.coyote.AbstractProtocol.init 初始化协议处理器 ["http-nio-8080"]
19-Oct-2019 22:11:22.384 信息 [main] org.apache.tomcat.util.net.NioSelectorPool.getSharedSelector Using a shared selector for servlet write/read
19-Oct-2019 22:11:22.399 信息 [main] org.apache.coyote.AbstractProtocol.init 初始化协议处理器 ["ajp-nio-8009"]
19-Oct-2019 22:11:22.404 信息 [main] org.apache.tomcat.util.net.NioSelectorPool.getSharedSelector Using a shared selector for servlet write/read
19-Oct-2019 22:11:22.406 信息 [main] org.apache.catalina.startup.Catalina.load Initialization processed in 683 ms
19-Oct-2019 22:11:22.459 信息 [main] org.apache.catalina.core.StandardService.startInternal Starting service [Catalina]
19-Oct-2019 22:11:22.459 信息 [main] org.apache.catalina.core.StandardEngine.startInternal Starting Servlet Engine: Apache Tomcat/8.5.47
19-Oct-2019 22:11:22.475 信息 [localhost-startStop-1] org.apache.catalina.startup.HostConfig.deployDirectory 把web 应用程序部署到目录 [G:\JAVASpace\apache-tomcat\apache-tomcat-8.5.47\webapps\docs]
19-Oct-2019 22:11:22.856 信息 [localhost-startStop-1] org.apache.catalina.startup.HostConfig.deployDirectory Deployment of web application directory [G:\JAVASpace\apache-tomcat\apache-tomcat-8.5.47\webapps\docs] has finished in [380] ms
19-Oct-2019 22:11:22.857 信息 [localhost-startStop-1] org.apache.catalina.startup.HostConfig.deployDirectory 把web 应用程序部署到目录 [G:\JAVASpace\apache-tomcat\apache-tomcat-8.5.47\webapps\examples]
19-Oct-2019 22:11:23.208 信息 [localhost-startStop-1] org.apache.catalina.startup.HostConfig.deployDirectory Deployment of web application directory [G:\JAVASpace\apache-tomcat\apache-tomcat-8.5.47\webapps\examples] has finished in [351] ms
19-Oct-2019 22:11:23.209 信息 [localhost-startStop-1] org.apache.catalina.startup.HostConfig.deployDirectory 把web 应用程序部署到目录 [G:\JAVASpace\apache-tomcat\apache-tomcat-8.5.47\webapps\host-manager]
19-Oct-2019 22:11:23.239 信息 [localhost-startStop-1] org.apache.catalina.startup.HostConfig.deployDirectory Deployment of web application directory [G:\JAVASpace\apache-tomcat\apache-tomcat-8.5.47\webapps\host-manager] has finished in [31] ms
19-Oct-2019 22:11:23.239 信息 [localhost-startStop-1] org.apache.catalina.startup.HostConfig.deployDirectory 把web 应用程序部署到目录 [G:\JAVASpace\apache-tomcat\apache-tomcat-8.5.47\webapps\manager]
19-Oct-2019 22:11:23.271 信息 [localhost-startStop-1] org.apache.catalina.startup.HostConfig.deployDirectory Deployment of web application directory [G:\JAVASpace\apache-tomcat\apache-tomcat-8.5.47\webapps\manager] has finished in [32] ms
19-Oct-2019 22:11:23.271 信息 [localhost-startStop-1] org.apache.catalina.startup.HostConfig.deployDirectory 把web 应用程序部署到目录 [G:\JAVASpace\apache-tomcat\apache-tomcat-8.5.47\webapps\project]
19-Oct-2019 22:11:23.313 信息 [localhost-startStop-1] org.apache.catalina.startup.HostConfig.deployDirectory Deployment of web application directory [G:\JAVASpace\apache-tomcat\apache-tomcat-8.5.47\webapps\project] has finished in [42] ms
19-Oct-2019 22:11:23.314 信息 [localhost-startStop-1] org.apache.catalina.startup.HostConfig.deployDirectory 把web 应用程序部署到目录 [G:\JAVASpace\apache-tomcat\apache-tomcat-8.5.47\webapps\ROOT]
19-Oct-2019 22:11:23.337 信息 [localhost-startStop-1] org.apache.catalina.startup.HostConfig.deployDirectory Deployment of web application directory [G:\JAVASpace\apache-tomcat\apache-tomcat-8.5.47\webapps\ROOT] has finished in [24] ms
19-Oct-2019 22:11:23.343 信息 [main] org.apache.coyote.AbstractProtocol.start 开始协议处理句柄["http-nio-8080"]
19-Oct-2019 22:11:23.356 信息 [main] org.apache.coyote.AbstractProtocol.start 开始协议处理句柄["ajp-nio-8009"]
19-Oct-2019 22:11:23.361 信息 [main] org.apache.catalina.startup.Catalina.start Server startup in 954 ms
19-Oct-2019 22:20:20.907 信息 [main] org.apache.catalina.startup.VersionLoggerListener.log Server.服务器版本:     Apache Tomcat/8.5.47
19-Oct-2019 22:20:20.913 信息 [main] org.apache.catalina.startup.VersionLoggerListener.log 服务器构建:            Oct 7 2019 13:30:46 UTC
19-Oct-2019 22:20:20.914 信息 [main] org.apache.catalina.startup.VersionLoggerListener.log Server version number: 8.5.47.0
19-Oct-2019 22:20:20.914 信息 [main] org.apache.catalina.startup.VersionLoggerListener.log OS Name:               Windows 10
19-Oct-2019 22:20:20.914 信息 [main] org.apache.catalina.startup.VersionLoggerListener.log OS.版本:               10.0
19-Oct-2019 22:20:20.914 信息 [main] org.apache.catalina.startup.VersionLoggerListener.log 架构:                  amd64
19-Oct-2019 22:20:20.915 信息 [main] org.apache.catalina.startup.VersionLoggerListener.log Java 环境变量:         C:\Program Files\Java\jdk-11.0.2
19-Oct-2019 22:20:20.915 信息 [main] org.apache.catalina.startup.VersionLoggerListener.log JVM 版本:              11.0.2+9-LTS
19-Oct-2019 22:20:20.915 信息 [main] org.apache.catalina.startup.VersionLoggerListener.log JVM.供应商:            Oracle Corporation
19-Oct-2019 22:20:20.916 信息 [main] org.apache.catalina.startup.VersionLoggerListener.log CATALINA_BASE:         G:\JAVASpace\apache-tomcat\apache-tomcat-8.5.47
19-Oct-2019 22:20:20.916 信息 [main] org.apache.catalina.startup.VersionLoggerListener.log CATALINA_HOME:         G:\JAVASpace\apache-tomcat\apache-tomcat-8.5.47
19-Oct-2019 22:20:20.916 信息 [main] org.apache.catalina.startup.VersionLoggerListener.log Command line argument: --add-opens=java.base/java.lang=ALL-UNNAMED
19-Oct-2019 22:20:20.916 信息 [main] org.apache.catalina.startup.VersionLoggerListener.log Command line argument: --add-opens=java.base/java.io=ALL-UNNAMED
19-Oct-2019 22:20:20.917 信息 [main] org.apache.catalina.startup.VersionLoggerListener.log Command line argument: --add-opens=java.rmi/sun.rmi.transport=ALL-UNNAMED
19-Oct-2019 22:20:20.918 信息 [main] org.apache.catalina.startup.VersionLoggerListener.log Command line argument: -Djava.util.logging.config.file=G:\JAVASpace\apache-tomcat\apache-tomcat-8.5.47\conf\logging.properties
19-Oct-2019 22:20:20.918 信息 [main] org.apache.catalina.startup.VersionLoggerListener.log Command line argument: -Djava.util.logging.manager=org.apache.juli.ClassLoaderLogManager
19-Oct-2019 22:20:20.919 信息 [main] org.apache.catalina.startup.VersionLoggerListener.log Command line argument: -Djdk.tls.ephemeralDHKeySize=2048
19-Oct-2019 22:20:20.919 信息 [main] org.apache.catalina.startup.VersionLoggerListener.log Command line argument: -Djava.protocol.handler.pkgs=org.apache.catalina.webresources
19-Oct-2019 22:20:20.920 信息 [main] org.apache.catalina.startup.VersionLoggerListener.log Command line argument: -Dignore.endorsed.dirs=
19-Oct-2019 22:20:20.920 信息 [main] org.apache.catalina.startup.VersionLoggerListener.log Command line argument: -Dcatalina.base=G:\JAVASpace\apache-tomcat\apache-tomcat-8.5.47
19-Oct-2019 22:20:20.921 信息 [main] org.apache.catalina.startup.VersionLoggerListener.log Command line argument: -Dcatalina.home=G:\JAVASpace\apache-tomcat\apache-tomcat-8.5.47
19-Oct-2019 22:20:20.921 信息 [main] org.apache.catalina.startup.VersionLoggerListener.log Command line argument: -Djava.io.tmpdir=G:\JAVASpace\apache-tomcat\apache-tomcat-8.5.47\temp
19-Oct-2019 22:20:20.922 信息 [main] org.apache.catalina.core.AprLifecycleListener.lifecycleEvent Loaded APR based Apache Tomcat Native library [1.2.23] using APR version [1.7.0].
19-Oct-2019 22:20:20.924 信息 [main] org.apache.catalina.core.AprLifecycleListener.lifecycleEvent APR capabilities: IPv6 [true], sendfile [true], accept filters [false], random [true].
19-Oct-2019 22:20:20.925 信息 [main] org.apache.catalina.core.AprLifecycleListener.lifecycleEvent APR/OpenSSL configuration: useAprConnector [false], useOpenSSL [true]
19-Oct-2019 22:20:20.931 信息 [main] org.apache.catalina.core.AprLifecycleListener.initializeSSL OpenSSL successfully initialized [OpenSSL 1.1.1c  28 May 2019]
19-Oct-2019 22:20:20.976 信息 [main] org.apache.coyote.AbstractProtocol.init 初始化协议处理器 ["http-nio-8080"]
19-Oct-2019 22:20:21.109 信息 [main] org.apache.tomcat.util.net.NioSelectorPool.getSharedSelector Using a shared selector for servlet write/read
19-Oct-2019 22:20:21.119 信息 [main] org.apache.coyote.AbstractProtocol.init 初始化协议处理器 ["ajp-nio-8009"]
19-Oct-2019 22:20:21.124 信息 [main] org.apache.tomcat.util.net.NioSelectorPool.getSharedSelector Using a shared selector for servlet write/read
19-Oct-2019 22:20:21.125 信息 [main] org.apache.catalina.startup.Catalina.load Initialization processed in 666 ms
19-Oct-2019 22:20:21.172 信息 [main] org.apache.catalina.core.StandardService.startInternal Starting service [Catalina]
19-Oct-2019 22:20:21.172 信息 [main] org.apache.catalina.core.StandardEngine.startInternal Starting Servlet Engine: Apache Tomcat/8.5.47
19-Oct-2019 22:20:21.185 信息 [localhost-startStop-1] org.apache.catalina.startup.HostConfig.deployDirectory 把web 应用程序部署到目录 [G:\JAVASpace\apache-tomcat\apache-tomcat-8.5.47\webapps\docs]
19-Oct-2019 22:20:21.525 信息 [localhost-startStop-1] org.apache.catalina.startup.HostConfig.deployDirectory Deployment of web application directory [G:\JAVASpace\apache-tomcat\apache-tomcat-8.5.47\webapps\docs] has finished in [338] ms
19-Oct-2019 22:20:21.527 信息 [localhost-startStop-1] org.apache.catalina.startup.HostConfig.deployDirectory 把web 应用程序部署到目录 [G:\JAVASpace\apache-tomcat\apache-tomcat-8.5.47\webapps\examples]
19-Oct-2019 22:20:21.871 信息 [localhost-startStop-1] org.apache.catalina.startup.HostConfig.deployDirectory Deployment of web application directory [G:\JAVASpace\apache-tomcat\apache-tomcat-8.5.47\webapps\examples] has finished in [345] ms
19-Oct-2019 22:20:21.872 信息 [localhost-startStop-1] org.apache.catalina.startup.HostConfig.deployDirectory 把web 应用程序部署到目录 [G:\JAVASpace\apache-tomcat\apache-tomcat-8.5.47\webapps\host-manager]
19-Oct-2019 22:20:21.904 信息 [localhost-startStop-1] org.apache.catalina.startup.HostConfig.deployDirectory Deployment of web application directory [G:\JAVASpace\apache-tomcat\apache-tomcat-8.5.47\webapps\host-manager] has finished in [32] ms
19-Oct-2019 22:20:21.905 信息 [localhost-startStop-1] org.apache.catalina.startup.HostConfig.deployDirectory 把web 应用程序部署到目录 [G:\JAVASpace\apache-tomcat\apache-tomcat-8.5.47\webapps\manager]
19-Oct-2019 22:20:21.932 信息 [localhost-startStop-1] org.apache.catalina.startup.HostConfig.deployDirectory Deployment of web application directory [G:\JAVASpace\apache-tomcat\apache-tomcat-8.5.47\webapps\manager] has finished in [27] ms
19-Oct-2019 22:20:21.932 信息 [localhost-startStop-1] org.apache.catalina.startup.HostConfig.deployDirectory 把web 应用程序部署到目录 [G:\JAVASpace\apache-tomcat\apache-tomcat-8.5.47\webapps\project]
19-Oct-2019 22:20:21.972 信息 [localhost-startStop-1] org.apache.catalina.startup.HostConfig.deployDirectory Deployment of web application directory [G:\JAVASpace\apache-tomcat\apache-tomcat-8.5.47\webapps\project] has finished in [40] ms
19-Oct-2019 22:20:21.973 信息 [localhost-startStop-1] org.apache.catalina.startup.HostConfig.deployDirectory 把web 应用程序部署到目录 [G:\JAVASpace\apache-tomcat\apache-tomcat-8.5.47\webapps\ROOT]
19-Oct-2019 22:20:21.996 信息 [localhost-startStop-1] org.apache.catalina.startup.HostConfig.deployDirectory Deployment of web application directory [G:\JAVASpace\apache-tomcat\apache-tomcat-8.5.47\webapps\ROOT] has finished in [22] ms
19-Oct-2019 22:20:22.001 信息 [main] org.apache.coyote.AbstractProtocol.start 开始协议处理句柄["http-nio-8080"]
19-Oct-2019 22:20:22.015 信息 [main] org.apache.coyote.AbstractProtocol.start 开始协议处理句柄["ajp-nio-8009"]
19-Oct-2019 22:20:22.020 信息 [main] org.apache.catalina.startup.Catalina.start Server startup in 894 ms
19-Oct-2019 22:22:55.605 信息 [main] org.apache.catalina.startup.VersionLoggerListener.log Server.服务器版本:     Apache Tomcat/8.5.47
19-Oct-2019 22:22:55.611 信息 [main] org.apache.catalina.startup.VersionLoggerListener.log 服务器构建:            Oct 7 2019 13:30:46 UTC
19-Oct-2019 22:22:55.611 信息 [main] org.apache.catalina.startup.VersionLoggerListener.log Server version number: 8.5.47.0
19-Oct-2019 22:22:55.612 信息 [main] org.apache.catalina.startup.VersionLoggerListener.log OS Name:               Windows 10
19-Oct-2019 22:22:55.612 信息 [main] org.apache.catalina.startup.VersionLoggerListener.log OS.版本:               10.0
19-Oct-2019 22:22:55.612 信息 [main] org.apache.catalina.startup.VersionLoggerListener.log 架构:                  amd64
19-Oct-2019 22:22:55.613 信息 [main] org.apache.catalina.startup.VersionLoggerListener.log Java 环境变量:         C:\Program Files\Java\jdk-11.0.2
19-Oct-2019 22:22:55.613 信息 [main] org.apache.catalina.startup.VersionLoggerListener.log JVM 版本:              11.0.2+9-LTS
19-Oct-2019 22:22:55.613 信息 [main] org.apache.catalina.startup.VersionLoggerListener.log JVM.供应商:            Oracle Corporation
19-Oct-2019 22:22:55.613 信息 [main] org.apache.catalina.startup.VersionLoggerListener.log CATALINA_BASE:         G:\JAVASpace\MyServlet\apache-tomcat\apache-tomcat-8.5.47
19-Oct-2019 22:22:55.614 信息 [main] org.apache.catalina.startup.VersionLoggerListener.log CATALINA_HOME:         G:\JAVASpace\MyServlet\apache-tomcat\apache-tomcat-8.5.47
19-Oct-2019 22:22:55.614 信息 [main] org.apache.catalina.startup.VersionLoggerListener.log Command line argument: --add-opens=java.base/java.lang=ALL-UNNAMED
19-Oct-2019 22:22:55.615 信息 [main] org.apache.catalina.startup.VersionLoggerListener.log Command line argument: --add-opens=java.base/java.io=ALL-UNNAMED
19-Oct-2019 22:22:55.615 信息 [main] org.apache.catalina.startup.VersionLoggerListener.log Command line argument: --add-opens=java.rmi/sun.rmi.transport=ALL-UNNAMED
19-Oct-2019 22:22:55.621 信息 [main] org.apache.catalina.startup.VersionLoggerListener.log Command line argument: -Djava.util.logging.config.file=G:\JAVASpace\MyServlet\apache-tomcat\apache-tomcat-8.5.47\conf\logging.properties
19-Oct-2019 22:22:55.624 信息 [main] org.apache.catalina.startup.VersionLoggerListener.log Command line argument: -Djava.util.logging.manager=org.apache.juli.ClassLoaderLogManager
19-Oct-2019 22:22:55.625 信息 [main] org.apache.catalina.startup.VersionLoggerListener.log Command line argument: -Djdk.tls.ephemeralDHKeySize=2048
19-Oct-2019 22:22:55.626 信息 [main] org.apache.catalina.startup.VersionLoggerListener.log Command line argument: -Djava.protocol.handler.pkgs=org.apache.catalina.webresources
19-Oct-2019 22:22:55.627 信息 [main] org.apache.catalina.startup.VersionLoggerListener.log Command line argument: -Dignore.endorsed.dirs=
19-Oct-2019 22:22:55.628 信息 [main] org.apache.catalina.startup.VersionLoggerListener.log Command line argument: -Dcatalina.base=G:\JAVASpace\MyServlet\apache-tomcat\apache-tomcat-8.5.47
19-Oct-2019 22:22:55.628 信息 [main] org.apache.catalina.startup.VersionLoggerListener.log Command line argument: -Dcatalina.home=G:\JAVASpace\MyServlet\apache-tomcat\apache-tomcat-8.5.47
19-Oct-2019 22:22:55.629 信息 [main] org.apache.catalina.startup.VersionLoggerListener.log Command line argument: -Djava.io.tmpdir=G:\JAVASpace\MyServlet\apache-tomcat\apache-tomcat-8.5.47\temp
19-Oct-2019 22:22:55.629 信息 [main] org.apache.catalina.core.AprLifecycleListener.lifecycleEvent Loaded APR based Apache Tomcat Native library [1.2.23] using APR version [1.7.0].
19-Oct-2019 22:22:55.630 信息 [main] org.apache.catalina.core.AprLifecycleListener.lifecycleEvent APR capabilities: IPv6 [true], sendfile [true], accept filters [false], random [true].
19-Oct-2019 22:22:55.630 信息 [main] org.apache.catalina.core.AprLifecycleListener.lifecycleEvent APR/OpenSSL configuration: useAprConnector [false], useOpenSSL [true]
19-Oct-2019 22:22:55.636 信息 [main] org.apache.catalina.core.AprLifecycleListener.initializeSSL OpenSSL successfully initialized [OpenSSL 1.1.1c  28 May 2019]
19-Oct-2019 22:22:55.681 信息 [main] org.apache.coyote.AbstractProtocol.init 初始化协议处理器 ["http-nio-8080"]
19-Oct-2019 22:22:55.812 信息 [main] org.apache.tomcat.util.net.NioSelectorPool.getSharedSelector Using a shared selector for servlet write/read
19-Oct-2019 22:22:55.824 信息 [main] org.apache.coyote.AbstractProtocol.init 初始化协议处理器 ["ajp-nio-8009"]
19-Oct-2019 22:22:55.829 信息 [main] org.apache.tomcat.util.net.NioSelectorPool.getSharedSelector Using a shared selector for servlet write/read
19-Oct-2019 22:22:55.829 信息 [main] org.apache.catalina.startup.Catalina.load Initialization processed in 672 ms
19-Oct-2019 22:22:55.889 信息 [main] org.apache.catalina.core.StandardService.startInternal Starting service [Catalina]
19-Oct-2019 22:22:55.890 信息 [main] org.apache.catalina.core.StandardEngine.startInternal Starting Servlet Engine: Apache Tomcat/8.5.47
19-Oct-2019 22:22:55.906 信息 [localhost-startStop-1] org.apache.catalina.startup.HostConfig.deployDirectory 把web 应用程序部署到目录 [G:\JAVASpace\MyServlet\apache-tomcat\apache-tomcat-8.5.47\webapps\docs]
19-Oct-2019 22:22:56.254 信息 [localhost-startStop-1] org.apache.catalina.startup.HostConfig.deployDirectory Deployment of web application directory [G:\JAVASpace\MyServlet\apache-tomcat\apache-tomcat-8.5.47\webapps\docs] has finished in [346] ms
19-Oct-2019 22:22:56.255 信息 [localhost-startStop-1] org.apache.catalina.startup.HostConfig.deployDirectory 把web 应用程序部署到目录 [G:\JAVASpace\MyServlet\apache-tomcat\apache-tomcat-8.5.47\webapps\examples]
19-Oct-2019 22:22:56.680 信息 [localhost-startStop-1] org.apache.catalina.startup.HostConfig.deployDirectory Deployment of web application directory [G:\JAVASpace\MyServlet\apache-tomcat\apache-tomcat-8.5.47\webapps\examples] has finished in [425] ms
19-Oct-2019 22:22:56.681 信息 [localhost-startStop-1] org.apache.catalina.startup.HostConfig.deployDirectory 把web 应用程序部署到目录 [G:\JAVASpace\MyServlet\apache-tomcat\apache-tomcat-8.5.47\webapps\host-manager]
19-Oct-2019 22:22:56.714 信息 [localhost-startStop-1] org.apache.catalina.startup.HostConfig.deployDirectory Deployment of web application directory [G:\JAVASpace\MyServlet\apache-tomcat\apache-tomcat-8.5.47\webapps\host-manager] has finished in [33] ms
19-Oct-2019 22:22:56.714 信息 [localhost-startStop-1] org.apache.catalina.startup.HostConfig.deployDirectory 把web 应用程序部署到目录 [G:\JAVASpace\MyServlet\apache-tomcat\apache-tomcat-8.5.47\webapps\manager]
19-Oct-2019 22:22:56.747 信息 [localhost-startStop-1] org.apache.catalina.startup.HostConfig.deployDirectory Deployment of web application directory [G:\JAVASpace\MyServlet\apache-tomcat\apache-tomcat-8.5.47\webapps\manager] has finished in [33] ms
19-Oct-2019 22:22:56.747 信息 [localhost-startStop-1] org.apache.catalina.startup.HostConfig.deployDirectory 把web 应用程序部署到目录 [G:\JAVASpace\MyServlet\apache-tomcat\apache-tomcat-8.5.47\webapps\project]
19-Oct-2019 22:22:56.793 信息 [localhost-startStop-1] org.apache.catalina.startup.HostConfig.deployDirectory Deployment of web application directory [G:\JAVASpace\MyServlet\apache-tomcat\apache-tomcat-8.5.47\webapps\project] has finished in [46] ms
19-Oct-2019 22:22:56.794 信息 [localhost-startStop-1] org.apache.catalina.startup.HostConfig.deployDirectory 把web 应用程序部署到目录 [G:\JAVASpace\MyServlet\apache-tomcat\apache-tomcat-8.5.47\webapps\ROOT]
19-Oct-2019 22:22:56.821 信息 [localhost-startStop-1] org.apache.catalina.startup.HostConfig.deployDirectory Deployment of web application directory [G:\JAVASpace\MyServlet\apache-tomcat\apache-tomcat-8.5.47\webapps\ROOT] has finished in [27] ms
19-Oct-2019 22:22:56.829 信息 [main] org.apache.coyote.AbstractProtocol.start 开始协议处理句柄["http-nio-8080"]
19-Oct-2019 22:22:56.845 信息 [main] org.apache.coyote.AbstractProtocol.start 开始协议处理句柄["ajp-nio-8009"]
19-Oct-2019 22:22:56.851 信息 [main] org.apache.catalina.startup.Catalina.start Server startup in 1021 ms
