18-Oct-2019 08:56:42.877 信息 [main] org.apache.catalina.startup.VersionLoggerListener.log Server.服务器版本:     Apache Tomcat/9.0.27
18-Oct-2019 08:56:42.883 信息 [main] org.apache.catalina.startup.VersionLoggerListener.log 服务器构建:            Oct 7 2019 09:57:22 UTC
18-Oct-2019 08:56:42.883 信息 [main] org.apache.catalina.startup.VersionLoggerListener.log Server version number: 9.0.27.0
18-Oct-2019 08:56:42.883 信息 [main] org.apache.catalina.startup.VersionLoggerListener.log OS Name:               Windows 10
18-Oct-2019 08:56:42.883 信息 [main] org.apache.catalina.startup.VersionLoggerListener.log OS.版本:               10.0
18-Oct-2019 08:56:42.883 信息 [main] org.apache.catalina.startup.VersionLoggerListener.log 架构:                  amd64
18-Oct-2019 08:56:42.884 信息 [main] org.apache.catalina.startup.VersionLoggerListener.log Java 环境变量:         C:\Program Files\Java\jdk-11.0.2
18-Oct-2019 08:56:42.884 信息 [main] org.apache.catalina.startup.VersionLoggerListener.log JVM 版本:              11.0.2+9-LTS
18-Oct-2019 08:56:42.884 信息 [main] org.apache.catalina.startup.VersionLoggerListener.log JVM.供应商:            Oracle Corporation
18-Oct-2019 08:56:42.884 信息 [main] org.apache.catalina.startup.VersionLoggerListener.log CATALINA_BASE:         C:\Program Files\apache-tomcat-9.0.27
18-Oct-2019 08:56:42.885 信息 [main] org.apache.catalina.startup.VersionLoggerListener.log CATALINA_HOME:         C:\Program Files\apache-tomcat-9.0.27
18-Oct-2019 08:56:42.895 信息 [main] org.apache.catalina.startup.VersionLoggerListener.log Command line argument: --add-opens=java.base/java.lang=ALL-UNNAMED
18-Oct-2019 08:56:42.895 信息 [main] org.apache.catalina.startup.VersionLoggerListener.log Command line argument: --add-opens=java.base/java.io=ALL-UNNAMED
18-Oct-2019 08:56:42.895 信息 [main] org.apache.catalina.startup.VersionLoggerListener.log Command line argument: --add-opens=java.rmi/sun.rmi.transport=ALL-UNNAMED
18-Oct-2019 08:56:42.896 信息 [main] org.apache.catalina.startup.VersionLoggerListener.log Command line argument: -Djava.util.logging.config.file=C:\Program Files\apache-tomcat-9.0.27\conf\logging.properties
18-Oct-2019 08:56:42.896 信息 [main] org.apache.catalina.startup.VersionLoggerListener.log Command line argument: -Djava.util.logging.manager=org.apache.juli.ClassLoaderLogManager
18-Oct-2019 08:56:42.897 信息 [main] org.apache.catalina.startup.VersionLoggerListener.log Command line argument: -Djdk.tls.ephemeralDHKeySize=2048
18-Oct-2019 08:56:42.897 信息 [main] org.apache.catalina.startup.VersionLoggerListener.log Command line argument: -Djava.protocol.handler.pkgs=org.apache.catalina.webresources
18-Oct-2019 08:56:42.898 信息 [main] org.apache.catalina.startup.VersionLoggerListener.log Command line argument: -Dignore.endorsed.dirs=
18-Oct-2019 08:56:42.898 信息 [main] org.apache.catalina.startup.VersionLoggerListener.log Command line argument: -Dcatalina.base=C:\Program Files\apache-tomcat-9.0.27
18-Oct-2019 08:56:42.898 信息 [main] org.apache.catalina.startup.VersionLoggerListener.log Command line argument: -Dcatalina.home=C:\Program Files\apache-tomcat-9.0.27
18-Oct-2019 08:56:42.899 信息 [main] org.apache.catalina.startup.VersionLoggerListener.log Command line argument: -Djava.io.tmpdir=C:\Program Files\apache-tomcat-9.0.27\temp
18-Oct-2019 08:56:42.899 信息 [main] org.apache.catalina.core.AprLifecycleListener.lifecycleEvent Loaded APR based Apache Tomcat Native library [1.2.23] using APR version [1.7.0].
18-Oct-2019 08:56:42.900 信息 [main] org.apache.catalina.core.AprLifecycleListener.lifecycleEvent APR capabilities: IPv6 [true], sendfile [true], accept filters [false], random [true].
18-Oct-2019 08:56:42.900 信息 [main] org.apache.catalina.core.AprLifecycleListener.lifecycleEvent APR/OpenSSL configuration: useAprConnector [false], useOpenSSL [true]
18-Oct-2019 08:56:42.905 信息 [main] org.apache.catalina.core.AprLifecycleListener.initializeSSL OpenSSL successfully initialized [OpenSSL 1.1.1c  28 May 2019]
18-Oct-2019 08:56:43.128 信息 [main] org.apache.coyote.AbstractProtocol.init 初始化协议处理器 ["http-nio-8080"]
18-Oct-2019 08:56:43.238 信息 [main] org.apache.coyote.AbstractProtocol.init 初始化协议处理器 ["ajp-nio-8009"]
18-Oct-2019 08:56:43.245 信息 [main] org.apache.catalina.startup.Catalina.load 服务器在[544]毫秒内初始化
18-Oct-2019 08:56:43.289 信息 [main] org.apache.catalina.core.StandardService.startInternal Starting service [Catalina]
18-Oct-2019 08:56:43.289 信息 [main] org.apache.catalina.core.StandardEngine.startInternal Starting Servlet engine: [Apache Tomcat/9.0.27]
18-Oct-2019 08:56:43.299 信息 [main] org.apache.catalina.startup.HostConfig.deployDirectory 把web 应用程序部署到目录 [C:\Program Files\apache-tomcat-9.0.27\webapps\docs]
18-Oct-2019 08:56:43.608 信息 [main] org.apache.catalina.startup.HostConfig.deployDirectory Deployment of web application directory [C:\Program Files\apache-tomcat-9.0.27\webapps\docs] has finished in [309] ms
18-Oct-2019 08:56:43.608 信息 [main] org.apache.catalina.startup.HostConfig.deployDirectory 把web 应用程序部署到目录 [C:\Program Files\apache-tomcat-9.0.27\webapps\examples]
18-Oct-2019 08:56:44.115 信息 [main] org.apache.catalina.startup.HostConfig.deployDirectory Deployment of web application directory [C:\Program Files\apache-tomcat-9.0.27\webapps\examples] has finished in [507] ms
18-Oct-2019 08:56:44.115 信息 [main] org.apache.catalina.startup.HostConfig.deployDirectory 把web 应用程序部署到目录 [C:\Program Files\apache-tomcat-9.0.27\webapps\host-manager]
18-Oct-2019 08:56:44.154 信息 [main] org.apache.catalina.startup.HostConfig.deployDirectory Deployment of web application directory [C:\Program Files\apache-tomcat-9.0.27\webapps\host-manager] has finished in [39] ms
18-Oct-2019 08:56:44.154 信息 [main] org.apache.catalina.startup.HostConfig.deployDirectory 把web 应用程序部署到目录 [C:\Program Files\apache-tomcat-9.0.27\webapps\manager]
18-Oct-2019 08:56:44.191 信息 [main] org.apache.catalina.startup.HostConfig.deployDirectory Deployment of web application directory [C:\Program Files\apache-tomcat-9.0.27\webapps\manager] has finished in [37] ms
18-Oct-2019 08:56:44.192 信息 [main] org.apache.catalina.startup.HostConfig.deployDirectory 把web 应用程序部署到目录 [C:\Program Files\apache-tomcat-9.0.27\webapps\ROOT]
18-Oct-2019 08:56:44.219 信息 [main] org.apache.catalina.startup.HostConfig.deployDirectory Deployment of web application directory [C:\Program Files\apache-tomcat-9.0.27\webapps\ROOT] has finished in [27] ms
18-Oct-2019 08:56:44.224 信息 [main] org.apache.coyote.AbstractProtocol.start 开始协议处理句柄["http-nio-8080"]
18-Oct-2019 08:56:44.235 信息 [main] org.apache.coyote.AbstractProtocol.start 开始协议处理句柄["ajp-nio-8009"]
18-Oct-2019 08:56:44.239 信息 [main] org.apache.catalina.startup.Catalina.start Server startup in [993] milliseconds
